<?xml version="1.0" encoding="UTF-8"?>
<!-- Generated by org.testng.reporters.JUnitXMLReporter -->
<testsuite ignored="3" hostname="Aruns-MacBook-Air.local" failures="0" tests="3" name="carloan" time="0.023" errors="0" timestamp="2024-02-10T15:58:48 IST">
  <testcase classname="test.carloan" name="apilogincarloan" time="0.003"/>
  <testcase classname="test.carloan" name="applogincarloan" time="0.002"/>
  <testcase classname="test.carloan" name="weblogincarloan" time="0.001"/>
  <testcase classname="test.carloan" name="mobilesignin2" time="0.0">
    <ignored/>
  </testcase> <!-- mobilesignin2 -->
  <testcase classname="test.carloan" name="mobilesignin1" time="0.0">
    <ignored/>
  </testcase> <!-- mobilesignin1 -->
  <testcase classname="test.carloan" name="mobilesignin3" time="0.0">
    <ignored/>
  </testcase> <!-- mobilesignin3 -->
</testsuite> <!-- carloan -->
