<?xml version="1.0" encoding="UTF-8"?>
<!-- Generated by org.testng.reporters.JUnitXMLReporter -->
<testsuite ignored="1" hostname="Aruns-MacBook-Air.local" failures="0" tests="5" name="Personal Loan" time="0.086" errors="0" timestamp="2024-02-10T15:58:48 IST">
  <testcase classname="test.testngdemo" name="demo1" time="0.005"/>
  <testcase classname="test.testdemo1" name="demotestng1" time="0.002"/>
  <testcase classname="test.homeloan" name="apilogincarloan" time="0.001"/>
  <testcase classname="test.homeloan" name="applogincarloan" time="0.002"/>
  <testcase classname="test.homeloan" name="webloginhomeloan" time="0.002"/>
  <testcase classname="test.testngdemo" name="demotestng" time="0.0">
    <ignored/>
  </testcase> <!-- demotestng -->
</testsuite> <!-- Personal Loan -->
